[2025-12-21T08:51:36.666+0000] {taskinstance.py:1979} INFO - Dependencies all met for dep_context=non-requeueable deps ti=<TaskInstance: air_pollution_pipeline.merge_raw_data manual__2025-12-21T08:46:32.276085+00:00 [queued]>
[2025-12-21T08:51:36.676+0000] {taskinstance.py:1979} INFO - Dependencies all met for dep_context=requeueable deps ti=<TaskInstance: air_pollution_pipeline.merge_raw_data manual__2025-12-21T08:46:32.276085+00:00 [queued]>
[2025-12-21T08:51:36.678+0000] {taskinstance.py:2193} INFO - Starting attempt 2 of 2
[2025-12-21T08:51:36.693+0000] {taskinstance.py:2217} INFO - Executing <Task(BashOperator): merge_raw_data> on 2025-12-21 08:46:32.276085+00:00
[2025-12-21T08:51:36.702+0000] {standard_task_runner.py:60} INFO - Started process 337 to run task
[2025-12-21T08:51:36.706+0000] {standard_task_runner.py:87} INFO - Running: ['***', 'tasks', 'run', 'air_pollution_pipeline', 'merge_raw_data', 'manual__2025-12-21T08:46:32.276085+00:00', '--job-id', '27', '--raw', '--subdir', 'DAGS_FOLDER/air_pollution_dag.py', '--cfg-path', '/tmp/tmpeohpqaxg']
[2025-12-21T08:51:36.708+0000] {standard_task_runner.py:88} INFO - Job 27: Subtask merge_raw_data
[2025-12-21T08:51:36.778+0000] {task_command.py:423} INFO - Running <TaskInstance: air_pollution_pipeline.merge_raw_data manual__2025-12-21T08:46:32.276085+00:00 [running]> on host f809b6e7fb03
[2025-12-21T08:51:36.857+0000] {taskinstance.py:2513} INFO - Exporting env vars: AIRFLOW_CTX_DAG_OWNER='***' AIRFLOW_CTX_DAG_ID='air_pollution_pipeline' AIRFLOW_CTX_TASK_ID='merge_raw_data' AIRFLOW_CTX_EXECUTION_DATE='2025-12-21T08:46:32.276085+00:00' AIRFLOW_CTX_TRY_NUMBER='2' AIRFLOW_CTX_DAG_RUN_ID='manual__2025-12-21T08:46:32.276085+00:00'
[2025-12-21T08:51:36.859+0000] {subprocess.py:63} INFO - Tmp dir root location: /tmp
[2025-12-21T08:51:36.860+0000] {subprocess.py:75} INFO - Running command: ['/usr/bin/bash', '-c', 'python /opt/***/spark/merge.py']
[2025-12-21T08:51:36.877+0000] {subprocess.py:86} INFO - Output:
[2025-12-21T08:51:37.345+0000] {subprocess.py:93} INFO - JAVA_HOME is not set
[2025-12-21T08:51:37.422+0000] {subprocess.py:93} INFO - Traceback (most recent call last):
[2025-12-21T08:51:37.423+0000] {subprocess.py:93} INFO -   File "/opt/***/spark/merge.py", line 5, in <module>
[2025-12-21T08:51:37.424+0000] {subprocess.py:93} INFO -     spark = SparkSession.builder \
[2025-12-21T08:51:37.424+0000] {subprocess.py:93} INFO -   File "/home/***/.local/lib/python3.8/site-packages/pyspark/sql/session.py", line 497, in getOrCreate
[2025-12-21T08:51:37.425+0000] {subprocess.py:93} INFO -     sc = SparkContext.getOrCreate(sparkConf)
[2025-12-21T08:51:37.426+0000] {subprocess.py:93} INFO -   File "/home/***/.local/lib/python3.8/site-packages/pyspark/context.py", line 515, in getOrCreate
[2025-12-21T08:51:37.427+0000] {subprocess.py:93} INFO -     SparkContext(conf=conf or SparkConf())
[2025-12-21T08:51:37.428+0000] {subprocess.py:93} INFO -   File "/home/***/.local/lib/python3.8/site-packages/pyspark/context.py", line 201, in __init__
[2025-12-21T08:51:37.428+0000] {subprocess.py:93} INFO -     SparkContext._ensure_initialized(self, gateway=gateway, conf=conf)
[2025-12-21T08:51:37.429+0000] {subprocess.py:93} INFO -   File "/home/***/.local/lib/python3.8/site-packages/pyspark/context.py", line 436, in _ensure_initialized
[2025-12-21T08:51:37.430+0000] {subprocess.py:93} INFO -     SparkContext._gateway = gateway or launch_gateway(conf)
[2025-12-21T08:51:37.431+0000] {subprocess.py:93} INFO -   File "/home/***/.local/lib/python3.8/site-packages/pyspark/java_gateway.py", line 107, in launch_gateway
[2025-12-21T08:51:37.432+0000] {subprocess.py:93} INFO -     raise PySparkRuntimeError(
[2025-12-21T08:51:37.432+0000] {subprocess.py:93} INFO - pyspark.errors.exceptions.base.PySparkRuntimeError: [JAVA_GATEWAY_EXITED] Java gateway process exited before sending its port number.
[2025-12-21T08:51:37.513+0000] {subprocess.py:97} INFO - Command exited with return code 1
[2025-12-21T08:51:37.527+0000] {taskinstance.py:2731} ERROR - Task failed with exception
Traceback (most recent call last):
  File "/home/airflow/.local/lib/python3.8/site-packages/airflow/models/taskinstance.py", line 444, in _execute_task
    result = _execute_callable(context=context, **execute_callable_kwargs)
  File "/home/airflow/.local/lib/python3.8/site-packages/airflow/models/taskinstance.py", line 414, in _execute_callable
    return execute_callable(context=context, **execute_callable_kwargs)
  File "/home/airflow/.local/lib/python3.8/site-packages/airflow/operators/bash.py", line 212, in execute
    raise AirflowException(
airflow.exceptions.AirflowException: Bash command failed. The command returned a non-zero exit code 1.
[2025-12-21T08:51:37.531+0000] {taskinstance.py:1149} INFO - Marking task as FAILED. dag_id=air_pollution_pipeline, task_id=merge_raw_data, execution_date=20251221T084632, start_date=20251221T085136, end_date=20251221T085137
[2025-12-21T08:51:37.547+0000] {standard_task_runner.py:107} ERROR - Failed to execute job 27 for task merge_raw_data (Bash command failed. The command returned a non-zero exit code 1.; 337)
[2025-12-21T08:51:37.576+0000] {local_task_job_runner.py:234} INFO - Task exited with return code 1
[2025-12-21T08:51:37.604+0000] {taskinstance.py:3312} INFO - 0 downstream tasks scheduled from follow-on schedule check
