[2025-12-21T09:25:13.190+0000] {taskinstance.py:1979} INFO - Dependencies all met for dep_context=non-requeueable deps ti=<TaskInstance: air_pollution_pipeline.merge_raw_data manual__2025-12-21T08:56:38.390544+00:00 [queued]>
[2025-12-21T09:25:13.199+0000] {taskinstance.py:1979} INFO - Dependencies all met for dep_context=requeueable deps ti=<TaskInstance: air_pollution_pipeline.merge_raw_data manual__2025-12-21T08:56:38.390544+00:00 [queued]>
[2025-12-21T09:25:13.199+0000] {taskinstance.py:2193} INFO - Starting attempt 4 of 4
[2025-12-21T09:25:13.212+0000] {taskinstance.py:2217} INFO - Executing <Task(BashOperator): merge_raw_data> on 2025-12-21 08:56:38.390544+00:00
[2025-12-21T09:25:13.219+0000] {standard_task_runner.py:60} INFO - Started process 319 to run task
[2025-12-21T09:25:13.224+0000] {standard_task_runner.py:87} INFO - Running: ['***', 'tasks', 'run', 'air_pollution_pipeline', 'merge_raw_data', 'manual__2025-12-21T08:56:38.390544+00:00', '--job-id', '37', '--raw', '--subdir', 'DAGS_FOLDER/air_pollution_dag.py', '--cfg-path', '/tmp/tmpco5egbrd']
[2025-12-21T09:25:13.226+0000] {standard_task_runner.py:88} INFO - Job 37: Subtask merge_raw_data
[2025-12-21T09:25:13.288+0000] {task_command.py:423} INFO - Running <TaskInstance: air_pollution_pipeline.merge_raw_data manual__2025-12-21T08:56:38.390544+00:00 [running]> on host 24f43fad9238
[2025-12-21T09:25:13.360+0000] {taskinstance.py:2513} INFO - Exporting env vars: AIRFLOW_CTX_DAG_OWNER='***' AIRFLOW_CTX_DAG_ID='air_pollution_pipeline' AIRFLOW_CTX_TASK_ID='merge_raw_data' AIRFLOW_CTX_EXECUTION_DATE='2025-12-21T08:56:38.390544+00:00' AIRFLOW_CTX_TRY_NUMBER='4' AIRFLOW_CTX_DAG_RUN_ID='manual__2025-12-21T08:56:38.390544+00:00'
[2025-12-21T09:25:13.362+0000] {subprocess.py:63} INFO - Tmp dir root location: /tmp
[2025-12-21T09:25:13.364+0000] {subprocess.py:75} INFO - Running command: ['/usr/bin/bash', '-c', 'python /opt/***/spark/merge.py']
[2025-12-21T09:25:13.378+0000] {subprocess.py:86} INFO - Output:
[2025-12-21T09:25:15.778+0000] {subprocess.py:93} INFO - Setting default log level to "WARN".
[2025-12-21T09:25:15.780+0000] {subprocess.py:93} INFO - To adjust logging level use sc.setLogLevel(newLevel). For SparkR, use setLogLevel(newLevel).
[2025-12-21T09:25:15.943+0000] {subprocess.py:93} INFO - 25/12/21 09:25:15 WARN NativeCodeLoader: Unable to load native-hadoop library for your platform... using builtin-java classes where applicable
[2025-12-21T09:25:18.494+0000] {subprocess.py:93} INFO - Traceback (most recent call last):
[2025-12-21T09:25:18.495+0000] {subprocess.py:93} INFO -   File "/opt/***/spark/merge.py", line 13, in <module>
[2025-12-21T09:25:18.496+0000] {subprocess.py:93} INFO -     csv_df_raw = spark.read.option("header", True).csv(
[2025-12-21T09:25:18.496+0000] {subprocess.py:93} INFO -   File "/home/***/.local/lib/python3.8/site-packages/pyspark/sql/readwriter.py", line 740, in csv
[2025-12-21T09:25:18.497+0000] {subprocess.py:93} INFO -     return self._df(self._jreader.csv(self._spark._sc._jvm.PythonUtils.toSeq(path)))
[2025-12-21T09:25:18.497+0000] {subprocess.py:93} INFO -   File "/home/***/.local/lib/python3.8/site-packages/py4j/java_gateway.py", line 1322, in __call__
[2025-12-21T09:25:18.498+0000] {subprocess.py:93} INFO -     return_value = get_return_value(
[2025-12-21T09:25:18.499+0000] {subprocess.py:93} INFO -   File "/home/***/.local/lib/python3.8/site-packages/pyspark/errors/exceptions/captured.py", line 185, in deco
[2025-12-21T09:25:18.499+0000] {subprocess.py:93} INFO -     raise converted from None
[2025-12-21T09:25:18.499+0000] {subprocess.py:93} INFO - pyspark.errors.exceptions.captured.AnalysisException: [PATH_NOT_FOUND] Path does not exist: file:/opt/***/data/raw/air_pollution.csv.
[2025-12-21T09:25:19.027+0000] {subprocess.py:97} INFO - Command exited with return code 1
[2025-12-21T09:25:19.039+0000] {taskinstance.py:2731} ERROR - Task failed with exception
Traceback (most recent call last):
  File "/home/airflow/.local/lib/python3.8/site-packages/airflow/models/taskinstance.py", line 444, in _execute_task
    result = _execute_callable(context=context, **execute_callable_kwargs)
  File "/home/airflow/.local/lib/python3.8/site-packages/airflow/models/taskinstance.py", line 414, in _execute_callable
    return execute_callable(context=context, **execute_callable_kwargs)
  File "/home/airflow/.local/lib/python3.8/site-packages/airflow/operators/bash.py", line 212, in execute
    raise AirflowException(
airflow.exceptions.AirflowException: Bash command failed. The command returned a non-zero exit code 1.
[2025-12-21T09:25:19.042+0000] {taskinstance.py:1149} INFO - Marking task as FAILED. dag_id=air_pollution_pipeline, task_id=merge_raw_data, execution_date=20251221T085638, start_date=20251221T092513, end_date=20251221T092519
[2025-12-21T09:25:19.056+0000] {standard_task_runner.py:107} ERROR - Failed to execute job 37 for task merge_raw_data (Bash command failed. The command returned a non-zero exit code 1.; 319)
[2025-12-21T09:25:19.084+0000] {local_task_job_runner.py:234} INFO - Task exited with return code 1
[2025-12-21T09:25:19.107+0000] {taskinstance.py:3312} INFO - 0 downstream tasks scheduled from follow-on schedule check
